mode: atomic
github.com/lockarivault/lockari-app/backend/libs/createmodule/main.go:8.13,10.2 1 0
github.com/lockarivault/lockari-app/backend/libs/createmodule/cmd/modules.go:9.46,12.20 2 0
github.com/lockarivault/lockari-app/backend/libs/createmodule/cmd/modules.go:12.20,14.3 1 0
github.com/lockarivault/lockari-app/backend/libs/createmodule/cmd/modules.go:18.2,20.27 3 0
github.com/lockarivault/lockari-app/backend/libs/createmodule/cmd/modules.go:20.27,24.17 4 0
github.com/lockarivault/lockari-app/backend/libs/createmodule/cmd/modules.go:24.17,26.4 1 0
github.com/lockarivault/lockari-app/backend/libs/createmodule/cmd/modules.go:28.3,29.17 2 0
github.com/lockarivault/lockari-app/backend/libs/createmodule/cmd/modules.go:29.17,31.4 1 0
github.com/lockarivault/lockari-app/backend/libs/createmodule/cmd/modules.go:35.2,35.12 1 0
github.com/lockarivault/lockari-app/backend/libs/createmodule/cmd/modules.go:38.46,39.36 1 0
github.com/lockarivault/lockari-app/backend/libs/createmodule/cmd/modules.go:39.36,41.3 1 0
github.com/lockarivault/lockari-app/backend/libs/createmodule/cmd/modules.go:43.2,53.3 2 0
github.com/lockarivault/lockari-app/backend/libs/createmodule/cmd/modules.go:56.54,58.2 1 0
github.com/lockarivault/lockari-app/backend/libs/createmodule/cmd/modules.go:60.52,65.38 4 0
github.com/lockarivault/lockari-app/backend/libs/createmodule/cmd/modules.go:65.38,66.14 1 0
github.com/lockarivault/lockari-app/backend/libs/createmodule/cmd/modules.go:66.14,68.4 1 0
github.com/lockarivault/lockari-app/backend/libs/createmodule/cmd/modules.go:69.3,69.40 1 0
github.com/lockarivault/lockari-app/backend/libs/createmodule/cmd/modules.go:72.2,75.18 2 0
github.com/lockarivault/lockari-app/backend/libs/createmodule/cmd/modules.go:75.18,161.3 3 0
github.com/lockarivault/lockari-app/backend/libs/createmodule/cmd/modules.go:164.2,181.80 4 0
github.com/lockarivault/lockari-app/backend/libs/createmodule/cmd/root.go:25.47,27.17 2 0
github.com/lockarivault/lockari-app/backend/libs/createmodule/cmd/root.go:27.17,29.4 1 0
github.com/lockarivault/lockari-app/backend/libs/createmodule/cmd/root.go:31.3,31.23 1 0
github.com/lockarivault/lockari-app/backend/libs/createmodule/cmd/root.go:31.23,33.4 1 0
github.com/lockarivault/lockari-app/backend/libs/createmodule/cmd/root.go:35.3,36.17 2 0
github.com/lockarivault/lockari-app/backend/libs/createmodule/cmd/root.go:36.17,38.4 1 0
github.com/lockarivault/lockari-app/backend/libs/createmodule/cmd/root.go:40.3,40.17 1 0
github.com/lockarivault/lockari-app/backend/libs/createmodule/cmd/root.go:40.17,42.4 1 0
github.com/lockarivault/lockari-app/backend/libs/createmodule/cmd/root.go:44.3,45.17 2 0
github.com/lockarivault/lockari-app/backend/libs/createmodule/cmd/root.go:45.17,47.4 1 0
github.com/lockarivault/lockari-app/backend/libs/createmodule/cmd/root.go:49.3,49.45 1 0
github.com/lockarivault/lockari-app/backend/libs/createmodule/cmd/root.go:55.16,57.16 2 0
github.com/lockarivault/lockari-app/backend/libs/createmodule/cmd/root.go:57.16,59.3 1 0
github.com/lockarivault/lockari-app/backend/libs/createmodule/cmd/root.go:62.13,66.2 2 0
