mode: atomic
github.com/lockarivault/lockari-app/backend/libs/database/nosql/mongodb.go:25.42,26.14 1 3
github.com/lockarivault/lockari-app/backend/libs/database/nosql/mongodb.go:26.14,28.3 1 0
github.com/lockarivault/lockari-app/backend/libs/database/nosql/mongodb.go:29.2,29.29 1 3
github.com/lockarivault/lockari-app/backend/libs/database/nosql/mongodb.go:41.42,42.14 1 3
github.com/lockarivault/lockari-app/backend/libs/database/nosql/mongodb.go:42.14,43.33 1 0
github.com/lockarivault/lockari-app/backend/libs/database/nosql/mongodb.go:46.2,46.14 1 3
github.com/lockarivault/lockari-app/backend/libs/database/nosql/mongodb.go:46.14,49.3 1 1
github.com/lockarivault/lockari-app/backend/libs/database/nosql/mongodb.go:51.2,52.16 2 2
github.com/lockarivault/lockari-app/backend/libs/database/nosql/mongodb.go:52.16,54.3 1 1
github.com/lockarivault/lockari-app/backend/libs/database/nosql/mongodb.go:56.2,57.48 1 2
github.com/lockarivault/lockari-app/backend/libs/database/nosql/mongodb.go:60.43,61.14 1 3
github.com/lockarivault/lockari-app/backend/libs/database/nosql/mongodb.go:61.14,63.3 1 0
github.com/lockarivault/lockari-app/backend/libs/database/nosql/mongodb.go:65.2,65.18 1 3
github.com/lockarivault/lockari-app/backend/libs/database/nosql/mongodb.go:65.18,67.3 1 1
github.com/lockarivault/lockari-app/backend/libs/database/nosql/mongodb.go:69.2,69.22 1 2
github.com/lockarivault/lockari-app/backend/libs/database/nosql/mongodb.go:69.22,71.3 1 1
github.com/lockarivault/lockari-app/backend/libs/database/nosql/mongodb.go:76.2,76.12 1 1
github.com/lockarivault/lockari-app/backend/libs/database/nosql/mongodb.go:88.62,89.15 1 0
github.com/lockarivault/lockari-app/backend/libs/database/nosql/mongodb.go:89.15,91.3 1 0
github.com/lockarivault/lockari-app/backend/libs/database/nosql/mongodb.go:92.2,92.18 1 0
github.com/lockarivault/lockari-app/backend/libs/database/nosql/mongodb.go:92.18,94.3 1 0
github.com/lockarivault/lockari-app/backend/libs/database/nosql/mongodb.go:96.2,99.8 1 0
github.com/lockarivault/lockari-app/backend/libs/database/nosql/mongodb.go:102.54,103.14 1 0
github.com/lockarivault/lockari-app/backend/libs/database/nosql/mongodb.go:103.14,105.3 1 0
github.com/lockarivault/lockari-app/backend/libs/database/nosql/mongodb.go:107.2,117.16 5 0
github.com/lockarivault/lockari-app/backend/libs/database/nosql/mongodb.go:117.16,119.3 1 0
github.com/lockarivault/lockari-app/backend/libs/database/nosql/mongodb.go:122.2,122.46 1 0
github.com/lockarivault/lockari-app/backend/libs/database/nosql/mongodb.go:122.46,124.3 1 0
github.com/lockarivault/lockari-app/backend/libs/database/nosql/mongodb.go:126.2,128.12 3 0
github.com/lockarivault/lockari-app/backend/libs/database/nosql/mongodb.go:131.52,132.14 1 0
github.com/lockarivault/lockari-app/backend/libs/database/nosql/mongodb.go:132.14,134.3 1 0
github.com/lockarivault/lockari-app/backend/libs/database/nosql/mongodb.go:136.2,136.21 1 0
github.com/lockarivault/lockari-app/backend/libs/database/nosql/mongodb.go:136.21,138.3 1 0
github.com/lockarivault/lockari-app/backend/libs/database/nosql/mongodb.go:139.2,139.12 1 0
github.com/lockarivault/lockari-app/backend/libs/database/nosql/mongodb.go:142.36,144.2 1 0
github.com/lockarivault/lockari-app/backend/libs/database/nosql/mongodb.go:146.60,147.14 1 0
github.com/lockarivault/lockari-app/backend/libs/database/nosql/mongodb.go:147.14,149.3 1 0
github.com/lockarivault/lockari-app/backend/libs/database/nosql/mongodb.go:150.2,150.23 1 0
github.com/lockarivault/lockari-app/backend/libs/database/nosql/mongodb.go:150.23,152.3 1 0
github.com/lockarivault/lockari-app/backend/libs/database/nosql/mongodb.go:153.2,153.24 1 0
github.com/lockarivault/lockari-app/backend/libs/database/nosql/mongodb.go:156.76,157.14 1 0
github.com/lockarivault/lockari-app/backend/libs/database/nosql/mongodb.go:157.14,159.3 1 0
github.com/lockarivault/lockari-app/backend/libs/database/nosql/mongodb.go:160.2,160.23 1 0
github.com/lockarivault/lockari-app/backend/libs/database/nosql/mongodb.go:160.23,162.3 1 0
github.com/lockarivault/lockari-app/backend/libs/database/nosql/mongodb.go:163.2,163.47 1 0
