mode: atomic
github.com/lockarivault/lockari-app/backend/libs/webserver/webserver.go:40.39,41.45 1 3
github.com/lockarivault/lockari-app/backend/libs/webserver/webserver.go:41.45,43.3 1 1
github.com/lockarivault/lockari-app/backend/libs/webserver/webserver.go:45.2,45.19 1 2
github.com/lockarivault/lockari-app/backend/libs/webserver/webserver.go:45.19,47.3 1 1
github.com/lockarivault/lockari-app/backend/libs/webserver/webserver.go:48.2,48.26 1 2
github.com/lockarivault/lockari-app/backend/libs/webserver/webserver.go:48.26,50.3 1 2
github.com/lockarivault/lockari-app/backend/libs/webserver/webserver.go:51.2,51.27 1 2
github.com/lockarivault/lockari-app/backend/libs/webserver/webserver.go:51.27,53.3 1 2
github.com/lockarivault/lockari-app/backend/libs/webserver/webserver.go:55.2,65.27 3 2
github.com/lockarivault/lockari-app/backend/libs/webserver/webserver.go:65.27,67.3 1 0
github.com/lockarivault/lockari-app/backend/libs/webserver/webserver.go:69.2,85.8 7 2
github.com/lockarivault/lockari-app/backend/libs/webserver/webserver.go:88.32,107.2 4 0
github.com/lockarivault/lockari-app/backend/libs/webserver/webserver.go:109.54,110.21 1 0
github.com/lockarivault/lockari-app/backend/libs/webserver/webserver.go:110.21,112.3 1 0
github.com/lockarivault/lockari-app/backend/libs/webserver/webserver.go:113.2,113.12 1 0
