mode: atomic
github.com/lockarivault/lockari-app/backend/libs/telemetry/telemetry.go:42.52,44.2 1 0
github.com/lockarivault/lockari-app/backend/libs/telemetry/telemetry.go:46.51,48.2 1 0
github.com/lockarivault/lockari-app/backend/libs/telemetry/telemetry.go:50.69,52.2 1 0
github.com/lockarivault/lockari-app/backend/libs/telemetry/telemetry.go:55.47,57.2 1 0
github.com/lockarivault/lockari-app/backend/libs/telemetry/telemetry.go:59.85,66.16 2 1
github.com/lockarivault/lockari-app/backend/libs/telemetry/telemetry.go:66.16,68.3 1 0
github.com/lockarivault/lockari-app/backend/libs/telemetry/telemetry.go:70.2,71.46 2 1
github.com/lockarivault/lockari-app/backend/libs/telemetry/telemetry.go:71.46,73.36 2 1
github.com/lockarivault/lockari-app/backend/libs/telemetry/telemetry.go:73.36,74.30 1 3
github.com/lockarivault/lockari-app/backend/libs/telemetry/telemetry.go:74.30,76.5 1 1
github.com/lockarivault/lockari-app/backend/libs/telemetry/telemetry.go:78.3,78.13 1 1
github.com/lockarivault/lockari-app/backend/libs/telemetry/telemetry.go:82.2,85.22 2 1
github.com/lockarivault/lockari-app/backend/libs/telemetry/telemetry.go:85.22,90.19 2 1
github.com/lockarivault/lockari-app/backend/libs/telemetry/telemetry.go:90.19,92.4 1 1
github.com/lockarivault/lockari-app/backend/libs/telemetry/telemetry.go:94.3,95.17 2 1
github.com/lockarivault/lockari-app/backend/libs/telemetry/telemetry.go:95.17,97.4 1 0
github.com/lockarivault/lockari-app/backend/libs/telemetry/telemetry.go:99.3,104.53 3 1
github.com/lockarivault/lockari-app/backend/libs/telemetry/telemetry.go:108.2,108.23 1 1
github.com/lockarivault/lockari-app/backend/libs/telemetry/telemetry.go:108.23,113.19 2 1
github.com/lockarivault/lockari-app/backend/libs/telemetry/telemetry.go:113.19,115.4 1 1
github.com/lockarivault/lockari-app/backend/libs/telemetry/telemetry.go:117.3,118.17 2 1
github.com/lockarivault/lockari-app/backend/libs/telemetry/telemetry.go:118.17,120.4 1 0
github.com/lockarivault/lockari-app/backend/libs/telemetry/telemetry.go:122.3,127.53 3 1
github.com/lockarivault/lockari-app/backend/libs/telemetry/telemetry.go:131.2,131.20 1 1
github.com/lockarivault/lockari-app/backend/libs/telemetry/telemetry.go:131.20,136.19 2 1
github.com/lockarivault/lockari-app/backend/libs/telemetry/telemetry.go:136.19,138.4 1 1
github.com/lockarivault/lockari-app/backend/libs/telemetry/telemetry.go:140.3,141.17 2 1
github.com/lockarivault/lockari-app/backend/libs/telemetry/telemetry.go:141.17,143.4 1 0
github.com/lockarivault/lockari-app/backend/libs/telemetry/telemetry.go:145.3,151.53 2 1
github.com/lockarivault/lockari-app/backend/libs/telemetry/telemetry.go:154.2,154.22 1 1
