mode: atomic
github.com/lockarivault/lockari-app/backend/libs/encryption/encryption.go:24.41,25.28 1 0
github.com/lockarivault/lockari-app/backend/libs/encryption/encryption.go:25.28,26.15 1 0
github.com/lockarivault/lockari-app/backend/libs/encryption/encryption.go:26.15,28.4 1 0
github.com/lockarivault/lockari-app/backend/libs/encryption/encryption.go:33.39,34.28 1 1
github.com/lockarivault/lockari-app/backend/libs/encryption/encryption.go:34.28,35.17 1 1
github.com/lockarivault/lockari-app/backend/libs/encryption/encryption.go:35.17,37.4 1 1
github.com/lockarivault/lockari-app/backend/libs/encryption/encryption.go:49.80,50.20 1 4
github.com/lockarivault/lockari-app/backend/libs/encryption/encryption.go:50.20,52.3 1 1
github.com/lockarivault/lockari-app/backend/libs/encryption/encryption.go:53.2,59.27 2 3
github.com/lockarivault/lockari-app/backend/libs/encryption/encryption.go:59.27,61.3 1 1
github.com/lockarivault/lockari-app/backend/libs/encryption/encryption.go:62.2,62.65 1 3
github.com/lockarivault/lockari-app/backend/libs/encryption/encryption.go:62.65,64.3 1 1
github.com/lockarivault/lockari-app/backend/libs/encryption/encryption.go:65.2,65.15 1 2
github.com/lockarivault/lockari-app/backend/libs/encryption/encryption.go:75.68,76.14 1 1
github.com/lockarivault/lockari-app/backend/libs/encryption/encryption.go:76.14,78.3 1 0
github.com/lockarivault/lockari-app/backend/libs/encryption/encryption.go:79.2,80.52 2 1
github.com/lockarivault/lockari-app/backend/libs/encryption/encryption.go:80.52,82.3 1 0
github.com/lockarivault/lockari-app/backend/libs/encryption/encryption.go:83.2,83.17 1 1
github.com/lockarivault/lockari-app/backend/libs/encryption/encryption.go:86.89,87.14 1 1
github.com/lockarivault/lockari-app/backend/libs/encryption/encryption.go:87.14,89.3 1 0
github.com/lockarivault/lockari-app/backend/libs/encryption/encryption.go:90.2,90.19 1 1
github.com/lockarivault/lockari-app/backend/libs/encryption/encryption.go:90.19,92.3 1 0
github.com/lockarivault/lockari-app/backend/libs/encryption/encryption.go:93.2,94.16 2 1
github.com/lockarivault/lockari-app/backend/libs/encryption/encryption.go:94.16,96.3 1 0
github.com/lockarivault/lockari-app/backend/libs/encryption/encryption.go:97.2,98.16 2 1
github.com/lockarivault/lockari-app/backend/libs/encryption/encryption.go:98.16,100.3 1 0
github.com/lockarivault/lockari-app/backend/libs/encryption/encryption.go:101.2,102.54 2 1
github.com/lockarivault/lockari-app/backend/libs/encryption/encryption.go:102.54,104.3 1 0
github.com/lockarivault/lockari-app/backend/libs/encryption/encryption.go:105.2,110.8 2 1
github.com/lockarivault/lockari-app/backend/libs/encryption/encryption.go:113.87,114.14 1 3
github.com/lockarivault/lockari-app/backend/libs/encryption/encryption.go:114.14,116.3 1 0
github.com/lockarivault/lockari-app/backend/libs/encryption/encryption.go:117.2,117.21 1 3
github.com/lockarivault/lockari-app/backend/libs/encryption/encryption.go:117.21,119.3 1 1
github.com/lockarivault/lockari-app/backend/libs/encryption/encryption.go:120.2,120.55 1 2
github.com/lockarivault/lockari-app/backend/libs/encryption/encryption.go:120.55,122.3 1 1
github.com/lockarivault/lockari-app/backend/libs/encryption/encryption.go:123.2,124.16 2 1
github.com/lockarivault/lockari-app/backend/libs/encryption/encryption.go:124.16,126.3 1 0
github.com/lockarivault/lockari-app/backend/libs/encryption/encryption.go:127.2,128.16 2 1
github.com/lockarivault/lockari-app/backend/libs/encryption/encryption.go:128.16,130.3 1 0
github.com/lockarivault/lockari-app/backend/libs/encryption/encryption.go:131.2,132.16 2 1
github.com/lockarivault/lockari-app/backend/libs/encryption/encryption.go:132.16,134.3 1 0
github.com/lockarivault/lockari-app/backend/libs/encryption/encryption.go:135.2,136.16 2 1
github.com/lockarivault/lockari-app/backend/libs/encryption/encryption.go:136.16,138.3 1 0
github.com/lockarivault/lockari-app/backend/libs/encryption/encryption.go:139.2,139.35 1 1
github.com/lockarivault/lockari-app/backend/libs/encryption/encryption.go:139.35,141.3 1 0
github.com/lockarivault/lockari-app/backend/libs/encryption/encryption.go:142.2,143.16 2 1
github.com/lockarivault/lockari-app/backend/libs/encryption/encryption.go:143.16,145.3 1 0
github.com/lockarivault/lockari-app/backend/libs/encryption/encryption.go:146.2,146.17 1 1
github.com/lockarivault/lockari-app/backend/libs/encryption/encryption.go:150.52,152.57 2 0
github.com/lockarivault/lockari-app/backend/libs/encryption/encryption.go:152.57,154.3 1 0
github.com/lockarivault/lockari-app/backend/libs/encryption/encryption.go:155.2,155.17 1 0
github.com/lockarivault/lockari-app/backend/libs/encryption/metadata.go:43.86,55.2 2 3
github.com/lockarivault/lockari-app/backend/libs/encryption/metadata.go:60.44,61.14 1 4
github.com/lockarivault/lockari-app/backend/libs/encryption/metadata.go:61.14,63.3 1 0
github.com/lockarivault/lockari-app/backend/libs/encryption/metadata.go:65.2,65.19 1 4
github.com/lockarivault/lockari-app/backend/libs/encryption/metadata.go:65.19,67.3 1 1
github.com/lockarivault/lockari-app/backend/libs/encryption/metadata.go:69.2,69.19 1 3
github.com/lockarivault/lockari-app/backend/libs/encryption/metadata.go:70.43,70.43 0 2
github.com/lockarivault/lockari-app/backend/libs/encryption/metadata.go:72.10,73.55 1 1
github.com/lockarivault/lockari-app/backend/libs/encryption/metadata.go:76.2,76.23 1 2
github.com/lockarivault/lockari-app/backend/libs/encryption/metadata.go:76.23,78.3 1 0
github.com/lockarivault/lockari-app/backend/libs/encryption/metadata.go:80.2,80.22 1 2
github.com/lockarivault/lockari-app/backend/libs/encryption/metadata.go:80.22,82.3 1 0
github.com/lockarivault/lockari-app/backend/libs/encryption/metadata.go:84.2,84.20 1 2
github.com/lockarivault/lockari-app/backend/libs/encryption/metadata.go:84.20,86.3 1 0
github.com/lockarivault/lockari-app/backend/libs/encryption/metadata.go:88.2,88.20 1 2
github.com/lockarivault/lockari-app/backend/libs/encryption/metadata.go:88.20,90.3 1 1
github.com/lockarivault/lockari-app/backend/libs/encryption/metadata.go:92.2,92.12 1 1
github.com/lockarivault/lockari-app/backend/libs/encryption/metadata.go:97.45,99.2 1 1
github.com/lockarivault/lockari-app/backend/libs/encryption/metadata.go:101.51,103.2 1 1
github.com/lockarivault/lockari-app/backend/libs/encryption/metadata.go:105.47,107.2 1 1
github.com/lockarivault/lockari-app/backend/libs/encryption/metadata.go:109.46,111.2 1 2
github.com/lockarivault/lockari-app/backend/libs/encryption/metadata.go:113.44,115.2 1 1
github.com/lockarivault/lockari-app/backend/libs/encryption/metadata.go:117.52,119.2 1 1
github.com/lockarivault/lockari-app/backend/libs/encryption/metadata.go:121.52,123.2 1 0
github.com/lockarivault/lockari-app/backend/libs/encryption/metadata.go:125.52,127.2 1 0
github.com/lockarivault/lockari-app/backend/libs/encryption/metadata.go:129.52,131.2 1 1
github.com/lockarivault/lockari-app/backend/libs/encryption/metadata.go:133.49,135.2 1 1
github.com/lockarivault/lockari-app/backend/libs/encryption/metadata.go:137.48,139.2 1 1
github.com/lockarivault/lockari-app/backend/libs/encryption/metadata.go:141.51,143.2 1 1
github.com/lockarivault/lockari-app/backend/libs/encryption/metadata.go:145.53,147.2 1 1
github.com/lockarivault/lockari-app/backend/libs/encryption/metadata.go:149.49,151.2 1 0
github.com/lockarivault/lockari-app/backend/libs/encryption/metadata.go:155.71,158.2 2 1
github.com/lockarivault/lockari-app/backend/libs/encryption/metadata.go:160.70,164.2 3 1
github.com/lockarivault/lockari-app/backend/libs/encryption/metadata.go:166.63,169.2 2 0
github.com/lockarivault/lockari-app/backend/libs/encryption/metadata.go:171.71,174.2 2 0
github.com/lockarivault/lockari-app/backend/libs/encryption/metadata.go:176.70,179.2 2 1
github.com/lockarivault/lockari-app/backend/libs/encryption/metadata.go:181.69,184.2 2 0
github.com/lockarivault/lockari-app/backend/libs/encryption/metadata.go:186.57,189.2 2 1
github.com/lockarivault/lockari-app/backend/libs/encryption/metadata.go:191.60,195.2 3 1
github.com/lockarivault/lockari-app/backend/libs/encryption/utils.go:10.36,11.17 1 2
github.com/lockarivault/lockari-app/backend/libs/encryption/utils.go:11.17,13.3 1 0
github.com/lockarivault/lockari-app/backend/libs/encryption/utils.go:14.2,14.48 1 2
github.com/lockarivault/lockari-app/backend/libs/encryption/utils.go:18.45,19.13 1 2
github.com/lockarivault/lockari-app/backend/libs/encryption/utils.go:19.13,21.3 1 0
github.com/lockarivault/lockari-app/backend/libs/encryption/utils.go:22.2,23.16 2 2
github.com/lockarivault/lockari-app/backend/libs/encryption/utils.go:23.16,25.3 1 0
github.com/lockarivault/lockari-app/backend/libs/encryption/utils.go:26.2,26.21 1 2
github.com/lockarivault/lockari-app/backend/libs/encryption/utils.go:30.33,31.17 1 0
github.com/lockarivault/lockari-app/backend/libs/encryption/utils.go:31.17,33.3 1 0
github.com/lockarivault/lockari-app/backend/libs/encryption/utils.go:34.2,34.30 1 0
github.com/lockarivault/lockari-app/backend/libs/encryption/utils.go:38.42,39.13 1 0
github.com/lockarivault/lockari-app/backend/libs/encryption/utils.go:39.13,41.3 1 0
github.com/lockarivault/lockari-app/backend/libs/encryption/utils.go:42.2,43.16 2 0
github.com/lockarivault/lockari-app/backend/libs/encryption/utils.go:43.16,45.3 1 0
github.com/lockarivault/lockari-app/backend/libs/encryption/utils.go:46.2,46.21 1 0
