mode: atomic
github.com/lockarivault/lockari-app/backend/libs/mensageria/client.go:28.119,37.2 1 0
github.com/lockarivault/lockari-app/backend/libs/mensageria/client.go:39.53,45.45 4 0
github.com/lockarivault/lockari-app/backend/libs/mensageria/client.go:45.45,47.3 1 0
github.com/lockarivault/lockari-app/backend/libs/mensageria/client.go:49.2,50.36 2 0
github.com/lockarivault/lockari-app/backend/libs/mensageria/client.go:50.36,52.3 1 0
github.com/lockarivault/lockari-app/backend/libs/mensageria/client.go:54.2,58.16 3 0
github.com/lockarivault/lockari-app/backend/libs/mensageria/client.go:58.16,60.3 1 0
github.com/lockarivault/lockari-app/backend/libs/mensageria/client.go:61.2,64.16 3 0
github.com/lockarivault/lockari-app/backend/libs/mensageria/client.go:64.16,66.3 1 0
github.com/lockarivault/lockari-app/backend/libs/mensageria/client.go:67.2,70.48 2 0
github.com/lockarivault/lockari-app/backend/libs/mensageria/client.go:70.48,72.3 1 0
github.com/lockarivault/lockari-app/backend/libs/mensageria/client.go:74.2,74.12 1 0
github.com/lockarivault/lockari-app/backend/libs/mensageria/client.go:77.46,79.44 1 0
github.com/lockarivault/lockari-app/backend/libs/mensageria/client.go:79.44,84.17 2 0
github.com/lockarivault/lockari-app/backend/libs/mensageria/client.go:84.17,86.4 1 0
github.com/lockarivault/lockari-app/backend/libs/mensageria/client.go:90.2,90.40 1 0
github.com/lockarivault/lockari-app/backend/libs/mensageria/client.go:90.40,92.26 2 0
github.com/lockarivault/lockari-app/backend/libs/mensageria/client.go:92.26,93.19 1 0
github.com/lockarivault/lockari-app/backend/libs/mensageria/client.go:93.19,95.5 1 0
github.com/lockarivault/lockari-app/backend/libs/mensageria/client.go:96.4,97.56 2 0
github.com/lockarivault/lockari-app/backend/libs/mensageria/client.go:100.3,103.17 2 0
github.com/lockarivault/lockari-app/backend/libs/mensageria/client.go:103.17,105.4 1 0
github.com/lockarivault/lockari-app/backend/libs/mensageria/client.go:109.2,109.42 1 0
github.com/lockarivault/lockari-app/backend/libs/mensageria/client.go:109.42,113.17 2 0
github.com/lockarivault/lockari-app/backend/libs/mensageria/client.go:113.17,115.4 1 0
github.com/lockarivault/lockari-app/backend/libs/mensageria/client.go:118.2,118.12 1 0
github.com/lockarivault/lockari-app/backend/libs/mensageria/client.go:121.50,125.40 3 0
github.com/lockarivault/lockari-app/backend/libs/mensageria/client.go:125.40,127.3 1 0
github.com/lockarivault/lockari-app/backend/libs/mensageria/client.go:129.2,129.46 1 0
github.com/lockarivault/lockari-app/backend/libs/mensageria/client.go:129.46,131.3 1 0
github.com/lockarivault/lockari-app/backend/libs/mensageria/client.go:133.2,133.12 1 0
github.com/lockarivault/lockari-app/backend/libs/mensageria/client.go:136.37,143.22 5 0
github.com/lockarivault/lockari-app/backend/libs/mensageria/client.go:143.22,145.3 1 0
github.com/lockarivault/lockari-app/backend/libs/mensageria/client.go:146.2,146.19 1 0
github.com/lockarivault/lockari-app/backend/libs/mensageria/client.go:146.19,148.3 1 0
github.com/lockarivault/lockari-app/backend/libs/mensageria/client.go:149.2,149.12 1 0
github.com/lockarivault/lockari-app/backend/libs/mensageria/client.go:152.117,156.22 3 0
github.com/lockarivault/lockari-app/backend/libs/mensageria/client.go:156.22,158.3 1 0
github.com/lockarivault/lockari-app/backend/libs/mensageria/client.go:161.2,161.25 1 0
github.com/lockarivault/lockari-app/backend/libs/mensageria/client.go:161.25,162.25 1 0
github.com/lockarivault/lockari-app/backend/libs/mensageria/client.go:162.25,164.4 1 0
github.com/lockarivault/lockari-app/backend/libs/mensageria/client.go:165.3,165.61 1 0
github.com/lockarivault/lockari-app/backend/libs/mensageria/client.go:168.2,168.87 1 0
github.com/lockarivault/lockari-app/backend/libs/mensageria/client.go:171.143,178.16 4 0
github.com/lockarivault/lockari-app/backend/libs/mensageria/client.go:178.16,180.3 1 0
github.com/lockarivault/lockari-app/backend/libs/mensageria/client.go:182.2,189.12 4 0
github.com/lockarivault/lockari-app/backend/libs/mensageria/client.go:189.12,191.7 2 0
github.com/lockarivault/lockari-app/backend/libs/mensageria/client.go:191.7,192.11 1 0
github.com/lockarivault/lockari-app/backend/libs/mensageria/client.go:193.22,194.11 1 0
github.com/lockarivault/lockari-app/backend/libs/mensageria/client.go:195.27,196.11 1 0
github.com/lockarivault/lockari-app/backend/libs/mensageria/client.go:197.31,198.12 1 0
github.com/lockarivault/lockari-app/backend/libs/mensageria/client.go:198.12,200.6 1 0
github.com/lockarivault/lockari-app/backend/libs/mensageria/client.go:203.5,204.28 2 0
github.com/lockarivault/lockari-app/backend/libs/mensageria/client.go:204.28,207.6 2 0
github.com/lockarivault/lockari-app/backend/libs/mensageria/client.go:207.11,209.6 1 0
github.com/lockarivault/lockari-app/backend/libs/mensageria/client.go:211.5,212.19 2 0
github.com/lockarivault/lockari-app/backend/libs/mensageria/client.go:212.20,214.6 0 0
github.com/lockarivault/lockari-app/backend/libs/mensageria/client.go:215.5,215.15 1 0
github.com/lockarivault/lockari-app/backend/libs/mensageria/client.go:220.2,220.12 1 0
github.com/lockarivault/lockari-app/backend/libs/mensageria/client.go:226.53,227.25 1 0
github.com/lockarivault/lockari-app/backend/libs/mensageria/client.go:227.25,228.30 1 0
github.com/lockarivault/lockari-app/backend/libs/mensageria/client.go:228.30,230.4 1 0
github.com/lockarivault/lockari-app/backend/libs/mensageria/client.go:232.2,232.11 1 0
github.com/lockarivault/lockari-app/backend/libs/mensageria/client.go:235.60,237.2 1 0
github.com/lockarivault/lockari-app/backend/libs/mensageria/client.go:239.46,241.19 2 0
github.com/lockarivault/lockari-app/backend/libs/mensageria/client.go:241.19,243.3 1 0
github.com/lockarivault/lockari-app/backend/libs/mensageria/client.go:244.2,244.13 1 0
