mode: atomic
github.com/lockarivault/lockari-app/backend/libs/database/cache/cache.go:40.35,41.14 1 4
github.com/lockarivault/lockari-app/backend/libs/database/cache/cache.go:41.14,43.3 1 1
github.com/lockarivault/lockari-app/backend/libs/database/cache/cache.go:45.2,45.18 1 3
github.com/lockarivault/lockari-app/backend/libs/database/cache/cache.go:45.18,47.3 1 1
github.com/lockarivault/lockari-app/backend/libs/database/cache/cache.go:49.2,49.18 1 2
github.com/lockarivault/lockari-app/backend/libs/database/cache/cache.go:49.18,51.3 1 1
github.com/lockarivault/lockari-app/backend/libs/database/cache/cache.go:53.2,53.12 1 2
github.com/lockarivault/lockari-app/backend/libs/database/cache/cache.go:88.38,89.26 1 5
github.com/lockarivault/lockari-app/backend/libs/database/cache/cache.go:89.26,91.3 1 4
github.com/lockarivault/lockari-app/backend/libs/database/cache/cache.go:93.2,127.10 7 1
github.com/lockarivault/lockari-app/backend/libs/database/cache/cache.go:131.49,137.2 1 5
github.com/lockarivault/lockari-app/backend/libs/database/cache/cache.go:140.58,150.21 3 2
github.com/lockarivault/lockari-app/backend/libs/database/cache/cache.go:150.21,155.3 1 0
github.com/lockarivault/lockari-app/backend/libs/database/cache/cache.go:157.2,159.22 2 2
github.com/lockarivault/lockari-app/backend/libs/database/cache/cache.go:159.22,168.37 4 1
github.com/lockarivault/lockari-app/backend/libs/database/cache/cache.go:168.37,171.4 2 1
github.com/lockarivault/lockari-app/backend/libs/database/cache/cache.go:172.8,173.37 1 1
github.com/lockarivault/lockari-app/backend/libs/database/cache/cache.go:173.37,175.4 1 1
github.com/lockarivault/lockari-app/backend/libs/database/cache/cache.go:178.2,178.12 1 0
github.com/lockarivault/lockari-app/backend/libs/database/cache/cache.go:182.61,183.21 1 1
github.com/lockarivault/lockari-app/backend/libs/database/cache/cache.go:183.21,185.3 1 1
github.com/lockarivault/lockari-app/backend/libs/database/cache/cache.go:187.2,187.22 1 0
github.com/lockarivault/lockari-app/backend/libs/database/cache/cache.go:187.22,191.42 3 0
github.com/lockarivault/lockari-app/backend/libs/database/cache/cache.go:191.42,194.4 2 0
github.com/lockarivault/lockari-app/backend/libs/database/cache/cache.go:195.8,196.42 1 0
github.com/lockarivault/lockari-app/backend/libs/database/cache/cache.go:196.42,198.4 1 0
github.com/lockarivault/lockari-app/backend/libs/database/cache/cache.go:201.2,201.12 1 0
github.com/lockarivault/lockari-app/backend/libs/database/cache/cache.go:205.55,206.21 1 6
github.com/lockarivault/lockari-app/backend/libs/database/cache/cache.go:206.21,208.3 1 1
github.com/lockarivault/lockari-app/backend/libs/database/cache/cache.go:210.2,210.22 1 5
github.com/lockarivault/lockari-app/backend/libs/database/cache/cache.go:210.22,215.17 4 3
github.com/lockarivault/lockari-app/backend/libs/database/cache/cache.go:215.17,218.4 2 2
github.com/lockarivault/lockari-app/backend/libs/database/cache/cache.go:220.3,221.13 2 1
github.com/lockarivault/lockari-app/backend/libs/database/cache/cache.go:224.2,225.16 2 2
github.com/lockarivault/lockari-app/backend/libs/database/cache/cache.go:225.16,227.3 1 1
github.com/lockarivault/lockari-app/backend/libs/database/cache/cache.go:228.2,228.12 1 1
github.com/lockarivault/lockari-app/backend/libs/database/cache/cache.go:232.111,233.21 1 5
github.com/lockarivault/lockari-app/backend/libs/database/cache/cache.go:233.21,235.3 1 1
github.com/lockarivault/lockari-app/backend/libs/database/cache/cache.go:237.2,240.22 3 4
github.com/lockarivault/lockari-app/backend/libs/database/cache/cache.go:240.22,248.17 5 2
github.com/lockarivault/lockari-app/backend/libs/database/cache/cache.go:248.17,250.4 1 1
github.com/lockarivault/lockari-app/backend/libs/database/cache/cache.go:251.8,253.3 1 2
github.com/lockarivault/lockari-app/backend/libs/database/cache/cache.go:255.2,255.16 1 4
github.com/lockarivault/lockari-app/backend/libs/database/cache/cache.go:255.16,256.23 1 1
github.com/lockarivault/lockari-app/backend/libs/database/cache/cache.go:256.23,258.4 1 1
github.com/lockarivault/lockari-app/backend/libs/database/cache/cache.go:259.3,259.61 1 1
github.com/lockarivault/lockari-app/backend/libs/database/cache/cache.go:262.2,262.22 1 3
github.com/lockarivault/lockari-app/backend/libs/database/cache/cache.go:262.22,264.3 1 2
github.com/lockarivault/lockari-app/backend/libs/database/cache/cache.go:265.2,265.12 1 3
github.com/lockarivault/lockari-app/backend/libs/database/cache/cache.go:269.76,270.21 1 7
github.com/lockarivault/lockari-app/backend/libs/database/cache/cache.go:270.21,272.3 1 1
github.com/lockarivault/lockari-app/backend/libs/database/cache/cache.go:274.2,278.22 4 6
github.com/lockarivault/lockari-app/backend/libs/database/cache/cache.go:278.22,286.37 5 3
github.com/lockarivault/lockari-app/backend/libs/database/cache/cache.go:286.37,288.4 1 1
github.com/lockarivault/lockari-app/backend/libs/database/cache/cache.go:289.8,291.3 1 3
github.com/lockarivault/lockari-app/backend/libs/database/cache/cache.go:293.2,293.22 1 6
github.com/lockarivault/lockari-app/backend/libs/database/cache/cache.go:293.22,294.23 1 1
github.com/lockarivault/lockari-app/backend/libs/database/cache/cache.go:294.23,297.4 2 1
github.com/lockarivault/lockari-app/backend/libs/database/cache/cache.go:298.3,298.26 1 1
github.com/lockarivault/lockari-app/backend/libs/database/cache/cache.go:299.8,299.23 1 5
github.com/lockarivault/lockari-app/backend/libs/database/cache/cache.go:299.23,300.23 1 1
github.com/lockarivault/lockari-app/backend/libs/database/cache/cache.go:300.23,303.4 2 1
github.com/lockarivault/lockari-app/backend/libs/database/cache/cache.go:304.3,304.60 1 1
github.com/lockarivault/lockari-app/backend/libs/database/cache/cache.go:307.2,307.22 1 4
github.com/lockarivault/lockari-app/backend/libs/database/cache/cache.go:307.22,310.3 2 2
github.com/lockarivault/lockari-app/backend/libs/database/cache/cache.go:311.2,311.17 1 4
github.com/lockarivault/lockari-app/backend/libs/database/cache/cache.go:315.69,316.21 1 4
github.com/lockarivault/lockari-app/backend/libs/database/cache/cache.go:316.21,318.3 1 1
github.com/lockarivault/lockari-app/backend/libs/database/cache/cache.go:320.2,320.22 1 3
github.com/lockarivault/lockari-app/backend/libs/database/cache/cache.go:320.22,327.17 4 2
github.com/lockarivault/lockari-app/backend/libs/database/cache/cache.go:327.17,330.4 2 1
github.com/lockarivault/lockari-app/backend/libs/database/cache/cache.go:331.8,333.17 2 1
github.com/lockarivault/lockari-app/backend/libs/database/cache/cache.go:333.17,335.4 1 0
github.com/lockarivault/lockari-app/backend/libs/database/cache/cache.go:338.2,338.12 1 2
github.com/lockarivault/lockari-app/backend/libs/database/cache/cache.go:342.96,344.16 2 2
github.com/lockarivault/lockari-app/backend/libs/database/cache/cache.go:344.16,346.3 1 1
github.com/lockarivault/lockari-app/backend/libs/database/cache/cache.go:347.2,347.35 1 1
github.com/lockarivault/lockari-app/backend/libs/database/cache/cache.go:351.80,353.16 2 2
github.com/lockarivault/lockari-app/backend/libs/database/cache/cache.go:353.16,355.3 1 0
github.com/lockarivault/lockari-app/backend/libs/database/cache/cache.go:356.2,356.58 1 2
github.com/lockarivault/lockari-app/backend/libs/database/cache/cache.go:356.58,358.3 1 1
github.com/lockarivault/lockari-app/backend/libs/database/cache/cache.go:359.2,359.12 1 1
github.com/lockarivault/lockari-app/backend/libs/database/cache/cache.go:363.40,365.57 2 5
github.com/lockarivault/lockari-app/backend/libs/database/cache/cache.go:365.57,367.3 1 1
github.com/lockarivault/lockari-app/backend/libs/database/cache/cache.go:368.2,368.13 1 5
github.com/lockarivault/lockari-app/backend/libs/database/cache/messages.go:21.40,23.2 1 4
