mode: atomic
github.com/lockarivault/lockari-app/backend/libs/loggers/loggers.go:36.35,38.2 1 5
github.com/lockarivault/lockari-app/backend/libs/loggers/loggers.go:40.45,44.19 3 5
github.com/lockarivault/lockari-app/backend/libs/loggers/loggers.go:45.18,46.26 1 3
github.com/lockarivault/lockari-app/backend/libs/loggers/loggers.go:47.17,48.25 1 1
github.com/lockarivault/lockari-app/backend/libs/loggers/loggers.go:49.17,50.25 1 0
github.com/lockarivault/lockari-app/backend/libs/loggers/loggers.go:51.18,52.26 1 1
github.com/lockarivault/lockari-app/backend/libs/loggers/loggers.go:55.2,60.23 2 5
github.com/lockarivault/lockari-app/backend/libs/loggers/loggers.go:60.23,62.3 1 2
github.com/lockarivault/lockari-app/backend/libs/loggers/loggers.go:64.2,64.21 1 5
github.com/lockarivault/lockari-app/backend/libs/loggers/loggers.go:65.12,66.49 1 1
github.com/lockarivault/lockari-app/backend/libs/loggers/loggers.go:67.12,68.49 1 3
github.com/lockarivault/lockari-app/backend/libs/loggers/loggers.go:69.10,70.49 1 1
github.com/lockarivault/lockari-app/backend/libs/loggers/loggers.go:73.2,73.26 1 5
